2017-01-04 16:39:42 	 [ INFO] 	 <midware.go:13>  	 map[],localhost:8081/debug/pprof/
2017-01-04 16:39:43 	 [ INFO] 	 <midware.go:13>  	 map[],localhost:8081/favicon.ico
2017-01-04 16:40:39 	 [ INFO] 	 <midware.go:13>  	 map[],localhost:8081/debug/pprof/
2017-01-04 16:40:41 	 [ INFO] 	 <midware.go:13>  	 map[],localhost:8081/debug/pprof/
2017-01-04 16:40:41 	 [ INFO] 	 <midware.go:13>  	 map[],localhost:8081/debug/pprof/
2017-01-04 16:40:41 	 [ INFO] 	 <midware.go:13>  	 map[],localhost:8081/debug/pprof/
2017-01-04 16:40:42 	 [ INFO] 	 <midware.go:13>  	 map[],localhost:8081/debug/pprof/
2017-01-04 16:40:42 	 [ INFO] 	 <midware.go:13>  	 map[],localhost:8081/debug/pprof/
2017-01-04 16:40:42 	 [ INFO] 	 <midware.go:13>  	 map[],localhost:8081/debug/pprof/
2017-01-04 16:40:43 	 [ INFO] 	 <midware.go:13>  	 map[],localhost:8081/debug/pprof/
2017-01-04 16:40:43 	 [ INFO] 	 <midware.go:13>  	 map[debug:[2]],localhost:8081/debug/pprof/goroutine?debug=2
2017-01-04 16:40:45 	 [ INFO] 	 <midware.go:13>  	 map[],localhost:8081/debug/pprof/
2017-01-04 16:40:45 	 [ INFO] 	 <midware.go:13>  	 map[],localhost:8081/debug/pprof/
2017-01-04 16:40:45 	 [ INFO] 	 <midware.go:13>  	 map[],localhost:8081/debug/pprof/
2017-01-04 16:40:45 	 [ INFO] 	 <midware.go:13>  	 map[],localhost:8081/debug/pprof/
2017-01-04 16:40:46 	 [ INFO] 	 <midware.go:13>  	 map[],localhost:8081/debug/pprof/
2017-01-04 16:40:46 	 [ INFO] 	 <midware.go:13>  	 map[],localhost:8081/debug/pprof/
2017-01-04 16:40:46 	 [ INFO] 	 <midware.go:13>  	 map[],localhost:8081/debug/pprof/
2017-01-04 16:40:46 	 [ INFO] 	 <midware.go:13>  	 map[debug:[2]],localhost:8081/debug/pprof/goroutine?debug=2
2017-01-04 16:40:47 	 [ INFO] 	 <midware.go:13>  	 map[],localhost:8081/debug/pprof/
2017-01-04 16:40:48 	 [ INFO] 	 <midware.go:13>  	 map[],localhost:8081/debug/pprof/
2017-01-04 16:40:48 	 [ INFO] 	 <midware.go:13>  	 map[],localhost:8081/debug/pprof/
2017-01-04 16:40:48 	 [ INFO] 	 <midware.go:13>  	 map[],localhost:8081/debug/pprof/
2017-01-04 16:40:48 	 [ INFO] 	 <midware.go:13>  	 map[],localhost:8081/debug/pprof/
2017-01-04 16:40:48 	 [ INFO] 	 <midware.go:13>  	 map[],localhost:8081/debug/pprof/
2017-01-04 16:40:50 	 [ INFO] 	 <midware.go:13>  	 map[],localhost:8081/debug/pprof/
2017-01-04 16:40:51 	 [ INFO] 	 <midware.go:13>  	 map[],localhost:8081/debug/pprof/
2017-01-04 16:40:51 	 [ INFO] 	 <midware.go:13>  	 map[],localhost:8081/debug/pprof/
2017-01-04 16:40:51 	 [ INFO] 	 <midware.go:13>  	 map[],localhost:8081/debug/pprof/
2017-01-04 16:40:51 	 [ INFO] 	 <midware.go:13>  	 map[],localhost:8081/debug/pprof/
2017-01-04 16:40:52 	 [ INFO] 	 <midware.go:13>  	 map[],localhost:8081/debug/pprof/
2017-01-04 16:40:52 	 [ INFO] 	 <midware.go:13>  	 map[],localhost:8081/debug/pprof/
2017-01-04 16:40:53 	 [ INFO] 	 <midware.go:13>  	 map[],localhost:8081/debug/pprof/
2017-01-04 16:40:53 	 [ INFO] 	 <midware.go:13>  	 map[],localhost:8081/debug/pprof/
2017-01-04 16:40:53 	 [ INFO] 	 <midware.go:13>  	 map[],localhost:8081/debug/pprof/
2017-01-04 16:40:54 	 [ INFO] 	 <midware.go:13>  	 map[],localhost:8081/debug/pprof/
2017-01-04 16:40:54 	 [ INFO] 	 <midware.go:13>  	 map[],localhost:8081/debug/pprof/
2017-01-04 16:40:54 	 [ INFO] 	 <midware.go:13>  	 map[],localhost:8081/debug/pprof/
2017-01-04 16:40:57 	 [ INFO] 	 <midware.go:13>  	 map[debug:[2]],localhost:8081/debug/pprof/goroutine?debug=2
2017-01-04 16:40:58 	 [ INFO] 	 <midware.go:13>  	 map[],localhost:8081/debug/pprof/
2017-01-04 16:40:58 	 [ INFO] 	 <midware.go:13>  	 map[],localhost:8081/debug/pprof/
2017-01-04 16:40:58 	 [ INFO] 	 <midware.go:13>  	 map[],localhost:8081/debug/pprof/
2017-01-04 16:40:58 	 [ INFO] 	 <midware.go:13>  	 map[],localhost:8081/debug/pprof/
2017-01-04 16:40:58 	 [ INFO] 	 <midware.go:13>  	 map[],localhost:8081/debug/pprof/
2017-01-04 16:40:59 	 [ INFO] 	 <midware.go:13>  	 map[debug:[1]],localhost:8081/debug/pprof/threadcreate?debug=1
2017-01-04 16:41:00 	 [ INFO] 	 <midware.go:13>  	 map[],localhost:8081/debug/pprof/
2017-01-04 16:41:00 	 [ INFO] 	 <midware.go:13>  	 map[],localhost:8081/debug/pprof/
2017-01-04 16:41:00 	 [ INFO] 	 <midware.go:13>  	 map[],localhost:8081/debug/pprof/
2017-01-04 16:41:01 	 [ INFO] 	 <midware.go:13>  	 map[debug:[1]],localhost:8081/debug/pprof/heap?debug=1
2017-01-04 16:41:01 	 [ INFO] 	 <midware.go:13>  	 map[debug:[1]],localhost:8081/debug/pprof/heap?debug=1
2017-01-04 16:41:03 	 [ INFO] 	 <midware.go:13>  	 map[],localhost:8081/debug/pprof/
2017-01-04 16:41:03 	 [ INFO] 	 <midware.go:13>  	 map[],localhost:8081/debug/pprof/
2017-01-04 16:41:03 	 [ INFO] 	 <midware.go:13>  	 map[],localhost:8081/debug/pprof/
2017-01-04 16:41:03 	 [ INFO] 	 <midware.go:13>  	 map[],localhost:8081/debug/pprof/
2017-01-04 16:41:04 	 [ INFO] 	 <midware.go:13>  	 map[debug:[1]],localhost:8081/debug/pprof/goroutine?debug=1
